<?xml version="1.0" encoding="UTF-8"?>
<testng-results ignored="0" total="1" passed="1" failed="0" skipped="0">
  <reporter-output>
  </reporter-output>
  <suite started-at="2023-03-07T08:34:59 EST" name="mvnproject" finished-at="2023-03-07T08:35:27 EST" duration-ms="27984">
    <groups>
    </groups>
    <test started-at="2023-03-07T08:34:59 EST" name="mvnproject test" finished-at="2023-03-07T08:35:27 EST" duration-ms="27984">
      <class name="com.mvnproject.testCases.TC_AddCustomerTest_003">
        <test-method is-config="true" signature="setup(java.lang.String)[pri:0, instance:com.mvnproject.testCases.TC_AddCustomerTest_003@121314f7]" started-at="2023-03-07T08:34:59 EST" name="setup" finished-at="2023-03-07T08:35:07 EST" duration-ms="7775" status="PASS">
          <params>
            <param index="0">
              <value>
                <![CDATA[chrome]]>
              </value>
            </param>
          </params>
          <reporter-output>
          </reporter-output>
        </test-method> <!-- setup -->
        <test-method signature="addNewCustomer()[pri:0, instance:com.mvnproject.testCases.TC_AddCustomerTest_003@121314f7]" started-at="2023-03-07T08:35:07 EST" name="addNewCustomer" finished-at="2023-03-07T08:35:26 EST" duration-ms="19206" status="PASS">
          <reporter-output>
          </reporter-output>
        </test-method> <!-- addNewCustomer -->
        <test-method is-config="true" signature="tearDown()[pri:0, instance:com.mvnproject.testCases.TC_AddCustomerTest_003@121314f7]" started-at="2023-03-07T08:35:26 EST" name="tearDown" finished-at="2023-03-07T08:35:27 EST" duration-ms="791" status="PASS">
          <reporter-output>
          </reporter-output>
        </test-method> <!-- tearDown -->
      </class> <!-- com.mvnproject.testCases.TC_AddCustomerTest_003 -->
    </test> <!-- mvnproject test -->
  </suite> <!-- mvnproject -->
</testng-results>
