<?xml version="1.0" encoding="UTF-8"?>
<!-- Generated by org.testng.reporters.JUnitXMLReporter -->
<testsuite ignored="0" hostname="EHS-LAE-0019858" failures="3" tests="5" name="mvnproject test" time="45.091" errors="0" timestamp="2023-03-06T22:17:23 EST">
  <testcase classname="com.mvnproject.testCases.TC_LoginDDT_002" name="loginDDT" time="8.798"/>
  <testcase classname="com.mvnproject.testCases.TC_LoginDDT_002" name="loginDDT" time="4.916">
    <failure type="java.lang.AssertionError" message="expected [true] but found [false]">
      <![CDATA[java.lang.AssertionError: expected [true] but found [false]
at com.mvnproject.testCases.TC_LoginDDT_002.loginDDT(TC_LoginDDT_002.java:34)
at java.base/java.util.ArrayList.forEach(ArrayList.java:1511)
... Removed 31 stack frames]]>
    </failure>
  </testcase> <!-- loginDDT -->
  <testcase classname="com.mvnproject.testCases.TC_LoginDDT_002" name="loginDDT" time="5.053">
    <failure type="java.lang.AssertionError" message="expected [true] but found [false]">
      <![CDATA[java.lang.AssertionError: expected [true] but found [false]
at com.mvnproject.testCases.TC_LoginDDT_002.loginDDT(TC_LoginDDT_002.java:34)
at java.base/java.util.ArrayList.forEach(ArrayList.java:1511)
... Removed 31 stack frames]]>
    </failure>
  </testcase> <!-- loginDDT -->
  <testcase classname="com.mvnproject.testCases.TC_LoginDDT_002" name="loginDDT" time="9.061"/>
  <testcase classname="com.mvnproject.testCases.TC_LoginDDT_002" name="loginDDT" time="5.042">
    <failure type="java.lang.AssertionError" message="expected [true] but found [false]">
      <![CDATA[java.lang.AssertionError: expected [true] but found [false]
at com.mvnproject.testCases.TC_LoginDDT_002.loginDDT(TC_LoginDDT_002.java:34)
at java.base/java.util.ArrayList.forEach(ArrayList.java:1511)
... Removed 31 stack frames]]>
    </failure>
  </testcase> <!-- loginDDT -->
</testsuite> <!-- mvnproject test -->
